<?xml version="1.0" encoding="UTF-8"?>
<!-- Generated by org.testng.reporters.JUnitReportReporter -->
<testsuite hostname="CHETAN" name="com.qa.tests.loginPageTest" tests="3" failures="0" timestamp="19 Jun 2018 15:55:59 GMT" time="53.861" errors="0">
  <testcase name="putVal" time="19.388" classname="com.qa.tests.loginPageTest"/>
  <testcase name="navigateRegisterPage" time="17.167" classname="com.qa.tests.loginPageTest"/>
  <testcase name="loginValidate" time="17.306" classname="com.qa.tests.loginPageTest"/>
</testsuite> <!-- com.qa.tests.loginPageTest -->
